<?xml version="1.0" encoding="UTF-8"?>
<testsuite name="com.cg.uservalidation.UserValidationTest" tests="1" skipped="0" failures="0" errors="0" timestamp="2020-10-07T18:01:58" hostname="LAPTOP-OULI8K5P" time="0.0">
  <properties/>
  <testcase name="givenFirstName_whenEntered_shouldReturnValidation" classname="com.cg.uservalidation.UserValidationTest" time="0.0"/>
  <system-out><![CDATA[]]></system-out>
  <system-err><![CDATA[]]></system-err>
</testsuite>
